<?xml version="1.0" encoding="UTF-8"?>
<!-- Generated by org.testng.reporters.JUnitXMLReporter -->
<testsuite hostname="SKCC14N00765" name="Default test" tests="4" failures="0" timestamp="29 Sep 2014 05:57:38 GMT" time="0.768" errors="0">
  <testcase name="testInvalidSalesItemsButNotDetectableWithXmlSchema" time="0.046" classname="thirdstage.exercise.xml.schematron.SalesItemsValidationTest1"/>
  <testcase name="testInvalidSalesItemsUsingSchematron" time="0.692" classname="thirdstage.exercise.xml.schematron.SalesItemsValidationTest1"/>
  <testcase name="testValidSalesItemsWithSchema" time="0.0060" classname="thirdstage.exercise.xml.schematron.SalesItemsValidationTest1"/>
  <testcase name="testValidSalesItemsWithSchema11" time="0.0030" classname="thirdstage.exercise.xml.schematron.SalesItemsValidationTest1"/>
</testsuite> <!-- Default test -->
