<?xml version="1.0" encoding="UTF-8"?>
<testng-results skipped="0" failed="0" total="4" passed="4">
  <reporter-output>
  </reporter-output>
  <suite name="Default suite" duration-ms="768" started-at="2014-09-29T05:57:37Z" finished-at="2014-09-29T05:57:38Z">
    <groups>
    </groups>
    <test name="Default test" duration-ms="768" started-at="2014-09-29T05:57:37Z" finished-at="2014-09-29T05:57:38Z">
      <class name="thirdstage.exercise.xml.schematron.SalesItemsValidationTest1">
        <test-method status="PASS" signature="testInvalidSalesItemsButNotDetectableWithXmlSchema()[pri:0, instance:thirdstage.exercise.xml.schematron.SalesItemsValidationTest1@2c79809]" name="testInvalidSalesItemsButNotDetectableWithXmlSchema" duration-ms="46" started-at="2014-09-29T01:27:37Z" finished-at="2014-09-29T01:27:37Z">
          <reporter-output>
          </reporter-output>
        </test-method> <!-- testInvalidSalesItemsButNotDetectableWithXmlSchema -->
        <test-method status="PASS" signature="testInvalidSalesItemsUsingSchematron()[pri:0, instance:thirdstage.exercise.xml.schematron.SalesItemsValidationTest1@2c79809]" name="testInvalidSalesItemsUsingSchematron" duration-ms="692" started-at="2014-09-29T01:27:37Z" finished-at="2014-09-29T01:27:38Z">
          <reporter-output>
          </reporter-output>
        </test-method> <!-- testInvalidSalesItemsUsingSchematron -->
        <test-method status="PASS" signature="testValidSalesItemsWithSchema()[pri:0, instance:thirdstage.exercise.xml.schematron.SalesItemsValidationTest1@2c79809]" name="testValidSalesItemsWithSchema" duration-ms="6" started-at="2014-09-29T01:27:38Z" finished-at="2014-09-29T01:27:38Z">
          <reporter-output>
          </reporter-output>
        </test-method> <!-- testValidSalesItemsWithSchema -->
        <test-method status="PASS" signature="testValidSalesItemsWithSchema11()[pri:0, instance:thirdstage.exercise.xml.schematron.SalesItemsValidationTest1@2c79809]" name="testValidSalesItemsWithSchema11" duration-ms="3" started-at="2014-09-29T01:27:38Z" finished-at="2014-09-29T01:27:38Z">
          <exception class="java.lang.NullPointerException">
            <full-stacktrace>
              <![CDATA[java.lang.NullPointerException
	at thirdstage.exercise.xml.schematron.SalesItemsValidationTest1.testValidSalesItemsWithSchema11(SalesItemsValidationTest1.java:81)
	at sun.reflect.NativeMethodAccessorImpl.invoke0(Native Method)
	at sun.reflect.NativeMethodAccessorImpl.invoke(NativeMethodAccessorImpl.java:39)
	at sun.reflect.DelegatingMethodAccessorImpl.invoke(DelegatingMethodAccessorImpl.java:25)
	at java.lang.reflect.Method.invoke(Method.java:597)
	at org.testng.internal.MethodInvocationHelper.invokeMethod(MethodInvocationHelper.java:84)
	at org.testng.internal.Invoker.invokeMethod(Invoker.java:714)
	at org.testng.internal.Invoker.invokeTestMethod(Invoker.java:901)
	at org.testng.internal.Invoker.invokeTestMethods(Invoker.java:1231)
	at org.testng.internal.TestMethodWorker.invokeTestMethods(TestMethodWorker.java:127)
	at org.testng.internal.TestMethodWorker.run(TestMethodWorker.java:111)
	at org.testng.TestRunner.privateRun(TestRunner.java:767)
	at org.testng.TestRunner.run(TestRunner.java:617)
	at org.testng.SuiteRunner.runTest(SuiteRunner.java:334)
	at org.testng.SuiteRunner.runSequentially(SuiteRunner.java:329)
	at org.testng.SuiteRunner.privateRun(SuiteRunner.java:291)
	at org.testng.SuiteRunner.run(SuiteRunner.java:240)
	at org.testng.SuiteRunnerWorker.runSuite(SuiteRunnerWorker.java:52)
	at org.testng.SuiteRunnerWorker.run(SuiteRunnerWorker.java:86)
	at org.testng.TestNG.runSuitesSequentially(TestNG.java:1224)
	at org.testng.TestNG.runSuitesLocally(TestNG.java:1149)
	at org.testng.TestNG.run(TestNG.java:1057)
	at org.testng.remote.RemoteTestNG.run(RemoteTestNG.java:111)
	at org.testng.remote.RemoteTestNG.initAndRun(RemoteTestNG.java:204)
	at org.testng.remote.RemoteTestNG.main(RemoteTestNG.java:175)
]]>
            </full-stacktrace>
          </exception> <!-- java.lang.NullPointerException -->
          <reporter-output>
          </reporter-output>
        </test-method> <!-- testValidSalesItemsWithSchema11 -->
      </class> <!-- thirdstage.exercise.xml.schematron.SalesItemsValidationTest1 -->
    </test> <!-- Default test -->
  </suite> <!-- Default suite -->
</testng-results>
