<?xml version="1.0" encoding="UTF-8"?>
<testng-results skipped="0" failed="0" total="1" passed="1">
  <reporter-output>
  </reporter-output>
  <suite name="Default suite" duration-ms="65" started-at="2015-08-18T00:10:33Z" finished-at="2015-08-18T00:10:33Z">
    <groups>
    </groups>
    <test name="Default test" duration-ms="65" started-at="2015-08-18T00:10:33Z" finished-at="2015-08-18T00:10:33Z">
      <class name="thirdstage.exercise.opencv.case2.RemapTest">
        <test-method status="PASS" signature="beforeTest()[pri:0, instance:thirdstage.exercise.opencv.case2.RemapTest@264a198b]" name="beforeTest" is-config="true" duration-ms="20" started-at="2015-08-17T21:10:33Z" finished-at="2015-08-17T21:10:33Z">
          <reporter-output>
          </reporter-output>
        </test-method> <!-- beforeTest -->
        <test-method status="PASS" signature="testRemap1()[pri:0, instance:thirdstage.exercise.opencv.case2.RemapTest@264a198b]" name="testRemap1" duration-ms="32" started-at="2015-08-17T21:10:33Z" finished-at="2015-08-17T21:10:33Z">
          <reporter-output>
          </reporter-output>
        </test-method> <!-- testRemap1 -->
      </class> <!-- thirdstage.exercise.opencv.case2.RemapTest -->
    </test> <!-- Default test -->
  </suite> <!-- Default suite -->
</testng-results>
